<?xml version="1.0" encoding="UTF-8"?>
<!-- Generated by org.testng.reporters.JUnitXMLReporter -->
<testsuite hostname="DESKTOP-ACFHNHV" ignored="0" name="Run on FireFox UI" tests="1" failures="1" timestamp="14 Oct 2020 09:23:26 GMT" time="27.958" errors="0">
  <testcase name="TC_01_Check_Undisplay" time="15.823" classname="com.liveguru.users.Level_11_Verify_Assert">
    <failure type="java.lang.AssertionError" message="expected [THIS IS A REQUIRED FIELD] but found [THIS IS A REQUIRED FIELD.]">
      <![CDATA[java.lang.AssertionError: expected [THIS IS A REQUIRED FIELD] but found [THIS IS A REQUIRED FIELD.]
at commons.AbstractTest.checkEquals(AbstractTest.java:108)
at commons.AbstractTest.verifyEquals(AbstractTest.java:120)
at com.liveguru.users.Level_11_Verify_Assert.TC_01_Check_Undisplay(Level_11_Verify_Assert.java:36)
... Removed 30 stack frames]]>
    </failure>
  </testcase> <!-- TC_01_Check_Undisplay -->
</testsuite> <!-- Run on FireFox UI -->
