<?xml version="1.0" encoding="UTF-8"?>
<!-- Generated by org.testng.reporters.JUnitXMLReporter -->
<testsuite hostname="DESKTOP-ACFHNHV" ignored="0" name="Run on FireFox UI" tests="1" failures="1" timestamp="09 Oct 2020 11:20:57 GMT" time="12.828" errors="0">
  <testcase name="TC_02_Count_Element" time="0.576" classname="com.liveguru.users.Level_01_Search_Data_Rest_Parameter">
    <failure type="java.util.MissingFormatArgumentException" message="Format specifier &amp;apos;%s&amp;apos;">
      <![CDATA[java.util.MissingFormatArgumentException: Format specifier '%s'
at java.util.Formatter.format(Unknown Source)
at java.util.Formatter.format(Unknown Source)
at java.lang.String.format(Unknown Source)
at commons.AbstractPage.getDynamicLocator(AbstractPage.java:116)
at commons.AbstractPage.waitToElementVisible(AbstractPage.java:416)
at pageOjects.managerCustomersObject.isDisplayAllItemIsVietnam(managerCustomersObject.java:61)
at com.liveguru.users.Level_01_Search_Data_Rest_Parameter.TC_02_Count_Element(Level_01_Search_Data_Rest_Parameter.java:62)
... Removed 25 stack frames]]>
    </failure>
  </testcase> <!-- TC_02_Count_Element -->
</testsuite> <!-- Run on FireFox UI -->
