<?xml version="1.0" encoding="UTF-8"?>
<testng-results skipped="0" failed="1" ignored="0" total="1" passed="0">
  <reporter-output>
  </reporter-output>
  <suite name="Suite" duration-ms="12828" started-at="2020-10-09T11:20:45Z" finished-at="2020-10-09T11:20:57Z">
    <groups>
    </groups>
    <test name="Run on FireFox UI" duration-ms="12828" started-at="2020-10-09T11:20:45Z" finished-at="2020-10-09T11:20:57Z">
      <class name="com.liveguru.users.Level_01_Search_Data_Rest_Parameter">
        <test-method status="PASS" signature="beforeClass(java.lang.String)[pri:0, instance:com.liveguru.users.Level_01_Search_Data_Rest_Parameter@2781e022]" name="beforeClass" is-config="true" duration-ms="11750" started-at="2020-10-09T11:20:45Z" finished-at="2020-10-09T11:20:56Z">
          <params>
            <param index="0">
              <value>
                <![CDATA[firefox_ui]]>
              </value>
            </param>
          </params>
          <reporter-output>
          </reporter-output>
        </test-method> <!-- beforeClass -->
        <test-method status="FAIL" signature="TC_02_Count_Element()[pri:0, instance:com.liveguru.users.Level_01_Search_Data_Rest_Parameter@2781e022]" name="TC_02_Count_Element" duration-ms="576" started-at="2020-10-09T11:20:56Z" finished-at="2020-10-09T11:20:57Z">
          <exception class="java.util.MissingFormatArgumentException">
            <message>
              <![CDATA[Format specifier '%s']]>
            </message>
            <full-stacktrace>
              <![CDATA[java.util.MissingFormatArgumentException: Format specifier '%s'
at java.util.Formatter.format(Unknown Source)
at java.util.Formatter.format(Unknown Source)
at java.lang.String.format(Unknown Source)
at commons.AbstractPage.getDynamicLocator(AbstractPage.java:116)
at commons.AbstractPage.waitToElementVisible(AbstractPage.java:416)
at pageOjects.managerCustomersObject.isDisplayAllItemIsVietnam(managerCustomersObject.java:61)
at com.liveguru.users.Level_01_Search_Data_Rest_Parameter.TC_02_Count_Element(Level_01_Search_Data_Rest_Parameter.java:62)
at sun.reflect.NativeMethodAccessorImpl.invoke0(Native Method)
at sun.reflect.NativeMethodAccessorImpl.invoke(Unknown Source)
at sun.reflect.DelegatingMethodAccessorImpl.invoke(Unknown Source)
at java.lang.reflect.Method.invoke(Unknown Source)
at org.testng.internal.MethodInvocationHelper.invokeMethod(MethodInvocationHelper.java:124)
at org.testng.internal.Invoker.invokeMethod(Invoker.java:583)
at org.testng.internal.Invoker.invokeTestMethod(Invoker.java:719)
at org.testng.internal.Invoker.invokeTestMethods(Invoker.java:989)
at org.testng.internal.TestMethodWorker.invokeTestMethods(TestMethodWorker.java:125)
at org.testng.internal.TestMethodWorker.run(TestMethodWorker.java:109)
at org.testng.TestRunner.privateRun(TestRunner.java:648)
at org.testng.TestRunner.run(TestRunner.java:505)
at org.testng.SuiteRunner.runTest(SuiteRunner.java:455)
at org.testng.SuiteRunner.runSequentially(SuiteRunner.java:450)
at org.testng.SuiteRunner.privateRun(SuiteRunner.java:415)
at org.testng.SuiteRunner.run(SuiteRunner.java:364)
at org.testng.SuiteRunnerWorker.runSuite(SuiteRunnerWorker.java:52)
at org.testng.SuiteRunnerWorker.run(SuiteRunnerWorker.java:84)
at org.testng.TestNG.runSuitesSequentially(TestNG.java:1208)
at org.testng.TestNG.runSuitesLocally(TestNG.java:1137)
at org.testng.TestNG.runSuites(TestNG.java:1049)
at org.testng.TestNG.run(TestNG.java:1017)
at org.testng.remote.AbstractRemoteTestNG.run(AbstractRemoteTestNG.java:115)
at org.testng.remote.RemoteTestNG.initAndRun(RemoteTestNG.java:251)
at org.testng.remote.RemoteTestNG.main(RemoteTestNG.java:77)
]]>
            </full-stacktrace>
          </exception> <!-- java.util.MissingFormatArgumentException -->
          <reporter-output>
          </reporter-output>
        </test-method> <!-- TC_02_Count_Element -->
        <test-method status="PASS" signature="afterClass()[pri:0, instance:com.liveguru.users.Level_01_Search_Data_Rest_Parameter@2781e022]" name="afterClass" is-config="true" duration-ms="486" started-at="2020-10-09T11:20:57Z" finished-at="2020-10-09T11:20:57Z">
          <reporter-output>
          </reporter-output>
        </test-method> <!-- afterClass -->
      </class> <!-- com.liveguru.users.Level_01_Search_Data_Rest_Parameter -->
    </test> <!-- Run on FireFox UI -->
  </suite> <!-- Suite -->
</testng-results>
