<?xml version="1.0" encoding="UTF-8"?>
<testng-results ignored="0" total="1" passed="1" failed="0" skipped="0">
  <reporter-output>
  </reporter-output>
  <suite started-at="2020-10-11T14:36:56Z" name="Suite" finished-at="2020-10-11T14:37:18Z" duration-ms="21736">
    <groups>
    </groups>
    <test started-at="2020-10-11T14:36:56Z" name="Run on FireFox UI" finished-at="2020-10-11T14:37:18Z" duration-ms="21736">
      <class name="com.liveguru.users.Level_01_Search_Data_Rest_Parameter">
        <test-method is-config="true" signature="beforeClass(java.lang.String)[pri:0, instance:com.liveguru.users.Level_01_Search_Data_Rest_Parameter@67c33749]" started-at="2020-10-11T14:36:56Z" name="beforeClass" finished-at="2020-10-11T14:37:05Z" duration-ms="8773" status="PASS">
          <params>
            <param index="0">
              <value>
                <![CDATA[firefox_ui]]>
              </value>
            </param>
          </params>
          <reporter-output>
          </reporter-output>
        </test-method> <!-- beforeClass -->
        <test-method signature="TC_02()[pri:0, instance:com.liveguru.users.Level_01_Search_Data_Rest_Parameter@67c33749]" started-at="2020-10-11T14:37:05Z" name="TC_02" finished-at="2020-10-11T14:37:18Z" duration-ms="12441" status="PASS">
          <reporter-output>
          </reporter-output>
        </test-method> <!-- TC_02 -->
        <test-method is-config="true" signature="afterClass()[pri:0, instance:com.liveguru.users.Level_01_Search_Data_Rest_Parameter@67c33749]" started-at="2020-10-11T14:37:18Z" name="afterClass" finished-at="2020-10-11T14:37:18Z" duration-ms="503" status="PASS">
          <reporter-output>
          </reporter-output>
        </test-method> <!-- afterClass -->
      </class> <!-- com.liveguru.users.Level_01_Search_Data_Rest_Parameter -->
    </test> <!-- Run on FireFox UI -->
  </suite> <!-- Suite -->
</testng-results>
